[20:25:00] [main/INFO] (FabricLoader/GameProvider) Loading Minecraft 1.20.1 with Fabric Loader 0.19.2
[20:25:00] [main/INFO] (FabricLoader) Loading 59 mods:
	- fabric-api 0.92.8+1.20.1
	- fabric-api-base 0.4.32+1802ada577
	- fabric-api-lookup-api-v1 1.6.37+1802ada577
	- fabric-biome-api-v1 13.0.15+93aa238b77
	- fabric-block-api-v1 1.0.12+1802ada577
	- fabric-block-view-api-v2 1.0.3+924f046a77
	- fabric-blockrenderlayer-v1 1.1.42+1802ada577
	- fabric-client-tags-api-v1 1.1.3+1802ada577
	- fabric-command-api-v1 1.2.35+f71b366f77
	- fabric-command-api-v2 2.2.14+1802ada577
	- fabric-commands-v0 0.2.52+df3654b377
	- fabric-containers-v0 0.1.67+df3654b377
	- fabric-content-registries-v0 4.0.13+1802ada577
	- fabric-convention-tags-v1 1.5.6+1802ada577
	- fabric-crash-report-info-v1 0.2.20+1802ada577
	- fabric-data-attachment-api-v1 1.0.2+de0fd6d177
	- fabric-data-generation-api-v1 12.3.8+1802ada577
	- fabric-dimensions-v1 2.1.55+1802ada577
	- fabric-entity-events-v1 1.6.1+1c78457f77
	- fabric-events-interaction-v0 0.6.5+13a40c6677
	- fabric-events-lifecycle-v0 0.2.64+df3654b377
	- fabric-game-rule-api-v1 1.0.41+1802ada577
	- fabric-gametest-api-v1 1.2.15+1802ada577
	- fabric-item-api-v1 2.1.29+1802ada577
	- fabric-item-group-api-v1 4.0.14+1802ada577
	- fabric-key-binding-api-v1 1.0.38+1802ada577
	- fabric-keybindings-v0 0.2.36+df3654b377
	- fabric-lifecycle-events-v1 2.2.23+1802ada577
	- fabric-loot-api-v2 1.2.3+1802ada577
	- fabric-loot-tables-v1 1.1.47+9e7660c677
	- fabric-message-api-v1 5.1.10+1802ada577
	- fabric-mining-level-api-v1 2.1.52+1802ada577
	- fabric-model-loading-api-v1 1.0.4+1802ada577
	- fabric-models-v0 0.4.3+9386d8a777
	- fabric-networking-api-v1 1.3.14+a158aa0477
	- fabric-networking-v0 0.3.54+df3654b377
	- fabric-object-builder-api-v1 11.1.5+e35120df77
	- fabric-particles-v1 1.1.3+1802ada577
	- fabric-recipe-api-v1 1.0.24+1802ada577
	- fabric-registry-sync-v0 2.4.0+4c0a70e677
	- fabric-renderer-api-v1 3.2.2+1802ada577
	- fabric-renderer-indigo 1.5.3+85287f9f77
	- fabric-renderer-registries-v1 3.2.47+df3654b377
	- fabric-rendering-data-attachment-v1 0.3.39+92a0d36777
	- fabric-rendering-fluids-v1 3.0.29+1802ada577
	- fabric-rendering-v0 1.1.50+df3654b377
	- fabric-rendering-v1 3.0.9+1802ada577
	- fabric-resource-conditions-api-v1 2.3.9+1802ada577
	- fabric-resource-loader-v0 0.11.12+fb82e9d777
	- fabric-screen-api-v1 2.0.9+1802ada577
	- fabric-screen-handler-api-v1 1.3.33+1802ada577
	- fabric-sound-api-v1 1.0.14+1802ada577
	- fabric-transfer-api-v1 3.3.6+8dd72ea377
	- fabric-transitive-access-wideners-v1 4.3.2+1802ada577
	- fabricloader 0.19.2
	- java 21
	- minecraft 1.20.1
	- mixinextras 0.5.4
	- worldsmemory 0.0
[20:25:01] [main/INFO] (FabricLoader/Mixin) SpongePowered MIXIN Subsystem Version=0.8.7 Source=file:/C:/Users/silve/.gradle/caches/modules-2/files-2.1/net.fabricmc/sponge-mixin/0.17.2+mixin.0.8.7/edf98d1d98229e46e36c61774ae2b54dcd852981/sponge-mixin-0.17.2+mixin.0.8.7.jar Service=Knot/Fabric Env=CLIENT
[20:25:01] [main/INFO] (FabricLoader/Mixin) Loaded Fabric development mappings for mixin remapper!
[20:25:01] [main/INFO] (FabricLoader/Mixin) Compatibility level set to JAVA_16
[20:25:01] [main/INFO] (FabricLoader/Mixin) Compatibility level set to JAVA_17
[20:25:02] [main/INFO] (FabricLoader/MixinExtras|Service) Initializing MixinExtras via com.llamalad7.mixinextras.service.MixinExtrasServiceImpl(version=0.5.4).
[20:25:02] [main/WARN] (PerfmonDisabled) PerfProc counters are disabled and won't return data: HKEY_LOCAL_MACHINE\SYSTEM\CurrentControlSet\Services\PerfProc\Performance\Disable Performance Counters > 0.
[20:25:02] [main/WARN] (PerfmonDisabled) PerfDisk counters are disabled and won't return data: HKEY_LOCAL_MACHINE\SYSTEM\CurrentControlSet\Services\PerfDisk\Performance\Disable Performance Counters > 0.
[20:25:06] [Datafixer Bootstrap/INFO] (Minecraft) 188 Datafixer optimizations took 139 milliseconds
[20:25:07] [Render thread/INFO] (Minecraft) [STDERR]: [LWJGL] [ThreadLocalUtil] Unsupported JNI version detected, this may result in a crash. Please inform LWJGL developers.
[20:25:08] [Render thread/INFO] (Minecraft) Environment: authHost='https://authserver.mojang.com', accountsHost='https://api.mojang.com', sessionHost='https://sessionserver.mojang.com', servicesHost='https://api.minecraftservices.com', name='PROD'
[20:25:08] [Render thread/ERROR] (Minecraft) Failed to verify authentication
com.mojang.authlib.exceptions.InvalidCredentialsException: Status: 401
	at com.mojang.authlib.exceptions.MinecraftClientHttpException.toAuthenticationException(MinecraftClientHttpException.java:56) ~[authlib-4.0.43.jar:?]
	at com.mojang.authlib.yggdrasil.YggdrasilUserApiService.fetchProperties(YggdrasilUserApiService.java:156) ~[authlib-4.0.43.jar:?]
	at com.mojang.authlib.yggdrasil.YggdrasilUserApiService.<init>(YggdrasilUserApiService.java:55) ~[authlib-4.0.43.jar:?]
	at com.mojang.authlib.yggdrasil.YggdrasilAuthenticationService.createUserApiService(YggdrasilAuthenticationService.java:124) ~[authlib-4.0.43.jar:?]
	at net.minecraft.client.MinecraftClient.createUserApiService(MinecraftClient.java:733) ~[minecraft-clientOnly-be7844dad7-1.20.1-net.fabricmc.yarn.1_20_1.1.20.1+build.10-v2.jar:?]
	at net.minecraft.client.MinecraftClient.<init>(MinecraftClient.java:442) ~[minecraft-clientOnly-be7844dad7-1.20.1-net.fabricmc.yarn.1_20_1.1.20.1+build.10-v2.jar:?]
	at net.minecraft.client.main.Main.main(Main.java:211) ~[minecraft-clientOnly-be7844dad7-1.20.1-net.fabricmc.yarn.1_20_1.1.20.1+build.10-v2.jar:?]
	at net.fabricmc.loader.impl.game.minecraft.MinecraftGameProvider.launch(MinecraftGameProvider.java:514) ~[fabric-loader-0.19.2.jar:?]
	at net.fabricmc.loader.impl.launch.knot.Knot.launch(Knot.java:72) ~[fabric-loader-0.19.2.jar:?]
	at net.fabricmc.loader.impl.launch.knot.KnotClient.main(KnotClient.java:23) ~[fabric-loader-0.19.2.jar:?]
	at net.fabricmc.devlaunchinjector.Main.main(Main.java:86) ~[dev-launch-injector-0.2.1+build.8.jar:?]
Caused by: com.mojang.authlib.exceptions.MinecraftClientHttpException: Status: 401
	at com.mojang.authlib.minecraft.client.MinecraftClient.readInputStream(MinecraftClient.java:85) ~[authlib-4.0.43.jar:?]
	at com.mojang.authlib.minecraft.client.MinecraftClient.get(MinecraftClient.java:48) ~[authlib-4.0.43.jar:?]
	at com.mojang.authlib.yggdrasil.YggdrasilUserApiService.fetchProperties(YggdrasilUserApiService.java:129) ~[authlib-4.0.43.jar:?]
	... 9 more
[20:25:08] [Render thread/INFO] (Minecraft) Setting user: Player369
[20:25:08] [Render thread/INFO] (worldsmemory) WorldMemoryLib initializing...
[20:25:08] [Render thread/INFO] (worldsmemory) WorldMemoryLib ready.
[20:25:08] [Render thread/INFO] (Indigo) [Indigo] Registering Indigo renderer!
[20:25:09] [Render thread/INFO] (Minecraft) Backend library: LWJGL version 3.3.2-snapshot
[20:25:10] [Render thread/INFO] (Minecraft) Reloading ResourceManager: vanilla, fabric (fabric-renderer-api-v1, fabric-networking-api-v1, fabric-rendering-v1, fabric-api-base, fabric-blockrenderlayer-v1, fabric-resource-loader-v0, fabric-gametest-api-v1, fabric-api-lookup-api-v1, fabric-renderer-indigo, fabric-transfer-api-v1, fabric-item-group-api-v1, fabric-loot-api-v2, fabric-events-lifecycle-v0, fabric-client-tags-api-v1, fabric-registry-sync-v0, fabric-renderer-registries-v1, fabric-command-api-v2, fabric-resource-conditions-api-v1, fabric-block-api-v1, fabric-commands-v0, fabric-sound-api-v1, fabric-screen-api-v1, fabric-keybindings-v0, fabric-screen-handler-api-v1, fabric-rendering-fluids-v1, fabric-recipe-api-v1, fabric-crash-report-info-v1, fabric-item-api-v1, fabric-loot-tables-v1, fabricloader, fabric-rendering-data-attachment-v1, fabric-key-binding-api-v1, fabric-command-api-v1, fabric-object-builder-api-v1, fabric-block-view-api-v2, fabric-models-v0, fabric-convention-tags-v1, fabric-containers-v0, fabric-networking-v0, fabric-model-loading-api-v1, fabric-biome-api-v1, fabric-particles-v1, fabric-events-interaction-v0, fabric-mining-level-api-v1, fabric-dimensions-v1, fabric-entity-events-v1, fabric-data-generation-api-v1, fabric-rendering-v0, fabric-data-attachment-api-v1, fabric-lifecycle-events-v1, fabric-game-rule-api-v1, fabric-transitive-access-wideners-v1, fabric-content-registries-v0, fabric-api, fabric-message-api-v1)
[20:25:10] [Worker-Main-10/INFO] (Minecraft) Found unifont_all_no_pua-15.0.06.hex, loading
[20:25:10] [Realms Notification Availability checker #1/INFO] (Minecraft) Could not authorize you against Realms server: java.lang.RuntimeException: Failed to parse into SignedJWT: FabricMC
[20:25:12] [Render thread/WARN] (Minecraft) Missing sound for event: minecraft:item.goat_horn.play
[20:25:12] [Render thread/WARN] (Minecraft) Missing sound for event: minecraft:entity.goat.screaming.horn_break
[20:25:12] [Render thread/INFO] (Minecraft) OpenAL initialized on device OpenAL Soft on Haut-parleurs (HyperX Cloud Core Wireless)
[20:25:12] [Render thread/INFO] (Minecraft) Sound engine started
[20:25:12] [Render thread/INFO] (Minecraft) Created: 1024x512x4 minecraft:textures/atlas/blocks.png-atlas
[20:25:12] [Render thread/INFO] (Minecraft) Created: 256x256x4 minecraft:textures/atlas/signs.png-atlas
[20:25:12] [Render thread/INFO] (Minecraft) Created: 512x512x4 minecraft:textures/atlas/shield_patterns.png-atlas
[20:25:12] [Render thread/INFO] (Minecraft) Created: 512x512x4 minecraft:textures/atlas/banner_patterns.png-atlas
[20:25:12] [Render thread/INFO] (Minecraft) Created: 1024x1024x4 minecraft:textures/atlas/armor_trims.png-atlas
[20:25:12] [Render thread/INFO] (Minecraft) Created: 128x64x4 minecraft:textures/atlas/decorated_pot.png-atlas
[20:25:12] [Render thread/INFO] (Minecraft) Created: 256x256x4 minecraft:textures/atlas/chest.png-atlas
[20:25:12] [Render thread/INFO] (Minecraft) Created: 512x256x4 minecraft:textures/atlas/beds.png-atlas
[20:25:12] [Render thread/INFO] (Minecraft) Created: 512x256x4 minecraft:textures/atlas/shulker_boxes.png-atlas
[20:25:12] [Render thread/WARN] (Minecraft) Shader rendertype_entity_translucent_emissive could not find sampler named Sampler2 in the specified shader program.
[20:25:12] [Render thread/INFO] (Minecraft) Created: 256x256x0 minecraft:textures/atlas/particles.png-atlas
[20:25:12] [Render thread/INFO] (Minecraft) Created: 256x256x0 minecraft:textures/atlas/paintings.png-atlas
[20:25:12] [Render thread/INFO] (Minecraft) Created: 128x128x0 minecraft:textures/atlas/mob_effects.png-atlas
[20:27:01] [Render thread/INFO] (Minecraft) Loaded 7 recipes
[20:27:01] [Render thread/INFO] (Minecraft) Loaded 1271 advancements
[20:27:02] [Render thread/INFO] (BiomeModificationImpl) Applied 0 biome modifications to 0 of 64 new biomes in 1.232 ms
[20:27:02] [Server thread/INFO] (Minecraft) Starting integrated minecraft server version 1.20.1
[20:27:02] [Server thread/INFO] (Minecraft) Generating keypair
[20:27:02] [Server thread/INFO] (worldsmemory) [WM] Initialized state for minecraft:overworld
[20:27:03] [Server thread/INFO] (worldsmemory) [WM] Initialized state for minecraft:the_nether
[20:27:03] [Server thread/INFO] (worldsmemory) [WM] Initialized state for minecraft:the_end
[20:27:03] [Server thread/INFO] (Minecraft) Preparing start region for dimension minecraft:overworld
[20:27:04] [Render thread/INFO] (Minecraft) Preparing spawn area: 0%
[20:27:04] [Render thread/INFO] (Minecraft) Preparing spawn area: 0%
[20:27:04] [Render thread/INFO] (Minecraft) Preparing spawn area: 0%
[20:27:04] [Render thread/INFO] (Minecraft) Preparing spawn area: 0%
[20:27:05] [Render thread/INFO] (Minecraft) Preparing spawn area: 0%
[20:27:05] [Render thread/INFO] (Minecraft) Preparing spawn area: 11%
[20:27:06] [Render thread/INFO] (Minecraft) Time elapsed: 2812 ms
[20:27:06] [Server thread/INFO] (worldsmemory) [WM] Config chargée depuis D:\Users\silve\GMT\WorldsMemory\run\config\worldsmemory.json
[20:27:06] [Server thread/INFO] (Minecraft) Changing view distance to 12, from 10
[20:27:06] [Server thread/INFO] (Minecraft) Changing simulation distance to 12, from 0
[20:27:06] [Server thread/INFO] (Minecraft) Player369[local:E:81a0eb93] logged in with entity id 84 at (-55.07237537083151, 72.0, 116.37887039807558)
[20:27:06] [Server thread/INFO] (Minecraft) Player369 joined the game
[20:27:07] [Render thread/INFO] (Minecraft) Loaded 16 advancements
[20:27:12] [Server thread/INFO] (worldsmemory) [WM] Debug timing: ON
[20:27:12] [Render thread/INFO] (Minecraft) [System] [CHAT] [WM] Debug timing: ON
[20:27:22] [Server thread/INFO] (worldsmemory) [WM] [ROLLBACK] Démarrage rollback mode=ETAT_PRECEDENT rayon=0 steps=1 @ BlockPos{x=-56, y=72, z=116}
[20:27:22] [Server thread/INFO] (worldsmemory) [WM] [ROLLBACK] ETAT_PRECEDENT [-4, 7] ts=1777398622883 hash=95d09188
[20:27:22] [Server thread/INFO] (worldsmemory) [WM] [DBG] snapshotBEs size=0 for chunk [-4, 7]
[20:27:22] [Server thread/INFO] (worldsmemory) [WM] [ROLLBACK] Résultat : OK — 1 chunk(s), 10 bloc(s), 0 entité(s)
[20:27:22] [Render thread/INFO] (Minecraft) [System] [CHAT] [WM] Rollback ETAT_PRECEDENT — OK — 1 chunk(s), 10 bloc(s), 0 entité(s)
[20:27:25] [Render thread/INFO] (Minecraft) [System] [CHAT] Unknown or incomplete command, see below for error
[20:27:25] [Render thread/INFO] (Minecraft) [System] [CHAT] ...m rollback<--[HERE]
[20:27:27] [Render thread/INFO] (Minecraft) [System] [CHAT] [WM] Snapshots [-4, 7] · 3 entrée(s)\n  [►] #1  2026-04-28 19:50:18  a9f49b47  JOUEUR [eed40018…]\n  [►] #2  2026-04-28 19:50:22  95d09188  EXPLOSION_TNT\n  [►] #3  2026-04-28 19:51:17  f382213b  EXPLOSION_TNT ◄ actuel
[20:27:29] [Server thread/INFO] (worldsmemory) [WM] [ROLLBACK] ETAT_PRECEDENT [-4, 7] ts=1777398618281 hash=a9f49b47
[20:27:29] [Server thread/INFO] (worldsmemory) [WM] [DBG] snapshotBEs size=0 for chunk [-4, 7]
[20:27:29] [Server thread/INFO] (worldsmemory) [WM] [ROLLBACK] Apply ts=1777398618281 radius=0 chunk=[-4,7] : OK — 1 chunk(s), 11 bloc(s), 0 entité(s)
[20:27:29] [Render thread/INFO] (Minecraft) [System] [CHAT] [WM] Rollback vers 2026-04-28 19:50:18 — OK — 1 chunk(s), 11 bloc(s), 0 entité(s)
[20:27:31] [Server thread/INFO] (worldsmemory) [WM] [ROLLBACK] ETAT_PRECEDENT [-4, 7] ts=1777398622883 hash=95d09188
[20:27:31] [Server thread/INFO] (worldsmemory) [WM] [DBG] snapshotBEs size=0 for chunk [-4, 7]
[20:27:31] [Server thread/INFO] (worldsmemory) [WM] [ROLLBACK] Apply ts=1777398622883 radius=0 chunk=[-4,7] : OK — 1 chunk(s), 11 bloc(s), 0 entité(s)
[20:27:31] [Render thread/INFO] (Minecraft) [System] [CHAT] [WM] Rollback vers 2026-04-28 19:50:22 — OK — 1 chunk(s), 11 bloc(s), 0 entité(s)
[20:27:32] [Server thread/INFO] (worldsmemory) [WM] [ROLLBACK] ETAT_PRECEDENT [-4, 7] ts=1777398618281 hash=a9f49b47
[20:27:32] [Server thread/INFO] (worldsmemory) [WM] [DBG] snapshotBEs size=0 for chunk [-4, 7]
[20:27:32] [Server thread/INFO] (worldsmemory) [WM] [ROLLBACK] Apply ts=1777398618281 radius=0 chunk=[-4,7] : OK — 1 chunk(s), 11 bloc(s), 0 entité(s)
[20:27:32] [Render thread/INFO] (Minecraft) [System] [CHAT] [WM] Rollback vers 2026-04-28 19:50:18 — OK — 1 chunk(s), 11 bloc(s), 0 entité(s)
[20:27:40] [Server thread/INFO] (Minecraft) Saving and pausing game...
[20:27:40] [Server thread/INFO] (Minecraft) Saving chunks for level 'ServerLevel[New World]'/minecraft:overworld
[20:27:40] [Server thread/INFO] (Minecraft) Saving chunks for level 'ServerLevel[New World]'/minecraft:the_nether
[20:27:40] [Server thread/INFO] (Minecraft) Saving chunks for level 'ServerLevel[New World]'/minecraft:the_end
[20:28:13] [Render thread/INFO] (Minecraft) [System] [CHAT] [WM] Snapshots [-4, 7] · 3 entrée(s) (rayon 5)\n  [►] #1  2026-04-28 19:50:18  a9f49b47  JOUEUR [eed40018…]\n  [►] #2  2026-04-28 19:50:22  95d09188  EXPLOSION_TNT\n  [►] #3  2026-04-28 19:51:17  f382213b  EXPLOSION_TNT ◄ actuel
[20:28:32] [Server thread/INFO] (worldsmemory) [WM] [SERVER] [-4, 7] cause=JOUEUR uuid=1fa8a2b7-811f-322e-b30d-8bfc6ccd460c → 150710B hash=58b4eb33 in 0ms
[20:28:32] [wm-io-overworld/INFO] (worldsmemory) [WM] [IO] [-4, 7] cause=JOUEUR RETOUR_SEED skip
[20:28:43] [Render thread/INFO] (Minecraft) [System] [CHAT] [Debug]: Chunk borders: shown
[20:28:45] [wm-io-overworld/INFO] (worldsmemory) [WM] [SEED] Pre-capture [-18, 20] hash=606a56de
[20:28:46] [Server thread/INFO] (worldsmemory) [WM] [SERVER] [-18, 20] cause=INCONNU → 151521B hash=517f4b74 in 0ms
[20:28:46] [wm-io-overworld/INFO] (worldsmemory) [WM] [IO] [-18, 20] cause=INCONNU PREMIER COMMIT in 30ms
[20:28:46] [wm-io-overworld/INFO] (worldsmemory) [WM] [SEED] Pre-capture [-5, 7] hash=e66f033c
[20:28:46] [Server thread/INFO] (worldsmemory) [WM] [SERVER] [-5, 7] cause=JOUEUR uuid=1fa8a2b7-811f-322e-b30d-8bfc6ccd460c → 150179B hash=5ea04c07 in 0ms
[20:28:46] [wm-io-overworld/INFO] (worldsmemory) [WM] [IO] [-5, 7] cause=JOUEUR PREMIER COMMIT in 3ms
[20:28:47] [Server thread/INFO] (worldsmemory) [WM] [ENTITE] ===== Capture [-5, 7] cause=EXPLOSION_TNT — 1/4 intéressante(s) =====
[20:28:47] [Server thread/INFO] (worldsmemory)   → minecraft:skeleton  uuid=fe2e5beb-a934-49c5-acf3-1c7ae7c00506  pos=(-79,79, 2,00, 122,26)
    Main: bow
[20:28:47] [Server thread/INFO] (worldsmemory) [WM] [ENTITE] ===== Fin capture [-5, 7] ts=1777400927171 =====
[20:28:47] [Server thread/INFO] (worldsmemory) [WM] [SERVER] [-5, 7] cause=EXPLOSION_TNT → 150124B hash=e66f033c in 1ms
[20:28:47] [wm-io-overworld/INFO] (worldsmemory) [WM] [IO] [-5, 7] cause=EXPLOSION_TNT RETOUR_SEED skip
[20:28:47] [Server thread/INFO] (worldsmemory) [WM] [SERVER] [-5, 7] cause=JOUEUR uuid=1fa8a2b7-811f-322e-b30d-8bfc6ccd460c → 150124B hash=e66f033c in 1ms
[20:28:47] [wm-io-overworld/INFO] (worldsmemory) [WM] [IO] [-5, 7] cause=JOUEUR RETOUR_SEED skip
[20:28:51] [Server thread/INFO] (worldsmemory) [WM] [SERVER] [-5, 7] cause=EXPLOSION_TNT → 150124B hash=a43f72d8 in 0ms
[20:28:51] [wm-io-overworld/INFO] (worldsmemory) [WM] [IO] [-5, 7] cause=EXPLOSION_TNT MODIFIÉ in 3ms:
    y=4: +11 minecraft:air, -10 minecraft:stone, -1 minecraft:tnt
[20:28:55] [Render thread/INFO] (Minecraft) [System] [CHAT] [WM] Snapshots [-5, 7] · 2 entrée(s)\n  [►] #1  2026-04-28 20:28:46  5ea04c07  JOUEUR [1fa8a2b7…]\n  [►] #2  2026-04-28 20:28:51  a43f72d8  EXPLOSION_TNT ◄ actuel
[20:28:56] [Server thread/INFO] (worldsmemory) [WM] [ROLLBACK] ETAT_PRECEDENT [-5, 7] ts=1777400926421 hash=5ea04c07
[20:28:56] [Server thread/INFO] (worldsmemory) [WM] [DBG] snapshotBEs size=0 for chunk [-5, 7]
[20:28:56] [Server thread/INFO] (worldsmemory) [WM] [ROLLBACK] Apply ts=1777400926421 radius=0 chunk=[-5,7] : OK — 1 chunk(s), 11 bloc(s), 0 entité(s)
[20:28:56] [Render thread/INFO] (Minecraft) [System] [CHAT] [WM] Rollback vers 2026-04-28 20:28:46 — OK — 1 chunk(s), 11 bloc(s), 0 entité(s)
[20:29:04] [Server thread/INFO] (worldsmemory) [WM] [SERVER] [-5, 7] cause=JOUEUR uuid=1fa8a2b7-811f-322e-b30d-8bfc6ccd460c → 150233B hash=31c7f828 in 0ms
[20:29:04] [wm-io-overworld/INFO] (worldsmemory) [WM] [IO] [-5, 7] cause=JOUEUR MODIFIÉ in 5ms:
    y=4: -12 minecraft:air, +1 minecraft:anvil, +10 minecraft:stone, +1 minecraft:tnt
[20:29:04] [Server thread/INFO] (worldsmemory) [WM] [SERVER] [-5, 7] cause=JOUEUR uuid=1fa8a2b7-811f-322e-b30d-8bfc6ccd460c → 150233B hash=31c7f828 in 1ms
[20:29:04] [wm-io-overworld/INFO] (worldsmemory) [WM] [IO] [-5, 7] cause=JOUEUR INCHANGÉ (même hash, skip)
[20:29:13] [Server thread/INFO] (worldsmemory) [WM] [SERVER] [-5, 7] cause=JOUEUR uuid=1fa8a2b7-811f-322e-b30d-8bfc6ccd460c → 150384B hash=190d69f1 in 0ms
[20:29:13] [wm-io-overworld/INFO] (worldsmemory) [WM] [IO] [-5, 7] cause=JOUEUR MODIFIÉ in 3ms:
    y=4: -1 minecraft:air, +1 minecraft:chest
[20:29:20] [Server thread/INFO] (worldsmemory) [WM] [SERVER] [-5, 7] cause=EXPLOSION_TNT → 150445B hash=1ef9a467 in 0ms
[20:29:20] [wm-io-overworld/INFO] (worldsmemory) [WM] [IO] [-5, 7] cause=EXPLOSION_TNT MODIFIÉ in 15ms:
    y=4: +1 minecraft:air, -1 minecraft:tnt
[20:29:24] [Server thread/INFO] (worldsmemory) [WM] [SERVER] [-5, 7] cause=JOUEUR → 150445B hash=98c47ca5 in 0ms
[20:29:24] [wm-io-overworld/INFO] (worldsmemory) [WM] [IO] [-5, 7] cause=JOUEUR MODIFIÉ in 3ms:
    y=4: +9 minecraft:air, -9 minecraft:stone
[20:29:24] [Server thread/INFO] (worldsmemory) [WM] [SERVER] [-5, 7] cause=EXPLOSION_TNT → 150178B hash=318d1b6d in 0ms
[20:29:24] [wm-io-overworld/INFO] (worldsmemory) [WM] [IO] [-5, 7] cause=EXPLOSION_TNT MODIFIÉ in 3ms:
    y=4: +1 minecraft:air, -1 minecraft:chest
[20:29:26] [Render thread/INFO] (Minecraft) [System] [CHAT] [WM] Snapshots [-5, 7] · 7 entrée(s)\n  [►] #1  2026-04-28 20:28:46  5ea04c07  JOUEUR [1fa8a2b7…]\n  [►] #2  2026-04-28 20:28:51  a43f72d8  EXPLOSION_TNT\n  [►] #3  2026-04-28 20:29:04  31c7f828  JOUEUR [1fa8a2b7…]\n  [►] #4  2026-04-28 20:29:13  190d69f1  JOUEUR [1fa8a2b7…]\n  [►] #5  2026-04-28 20:29:20  1ef9a467  EXPLOSION_TNT\n  [►] #6  2026-04-28 20:29:24  98c47ca5  JOUEUR\n  [►] #7  2026-04-28 20:29:24  318d1b6d  EXPLOSION_TNT ◄ actuel
[20:29:28] [Server thread/INFO] (worldsmemory) [WM] [ROLLBACK] ETAT_PRECEDENT [-5, 7] ts=1777400964076 hash=98c47ca5
[20:29:28] [Server thread/INFO] (worldsmemory) [WM] [DBG] snapshotBEs size=1 for chunk [-5, 7]
[20:29:28] [Server thread/INFO] (worldsmemory) [WM] [DBG]  BE @ BlockPos{x=-72, y=72, z=124} type=minecraft:chest hasItems=true itemsSize=1
[20:29:28] [Server thread/INFO] (worldsmemory) [WM] [ROLLBACK] Apply ts=1777400964076 radius=0 chunk=[-5,7] : OK — 1 chunk(s), 1 bloc(s), 1 entité(s)
[20:29:28] [Render thread/INFO] (Minecraft) [System] [CHAT] [WM] Rollback vers 2026-04-28 20:29:24 — OK — 1 chunk(s), 1 bloc(s), 1 entité(s)
[20:29:32] [Server thread/INFO] (worldsmemory) [WM] [ROLLBACK] ETAT_PRECEDENT [-5, 7] ts=1777400960120 hash=1ef9a467
[20:29:32] [Server thread/INFO] (worldsmemory) [WM] [DBG] snapshotBEs size=1 for chunk [-5, 7]
[20:29:32] [Server thread/INFO] (worldsmemory) [WM] [DBG]  BE @ BlockPos{x=-72, y=72, z=124} type=minecraft:chest hasItems=true itemsSize=1
[20:29:32] [Server thread/INFO] (worldsmemory) [WM] [ROLLBACK] Apply ts=1777400960120 radius=0 chunk=[-5,7] : OK — 1 chunk(s), 9 bloc(s), 1 entité(s)
[20:29:32] [Render thread/INFO] (Minecraft) [System] [CHAT] [WM] Rollback vers 2026-04-28 20:29:20 — OK — 1 chunk(s), 9 bloc(s), 1 entité(s)
[20:29:36] [Server thread/INFO] (worldsmemory) [WM] [SERVER] [-5, 7] cause=JOUEUR uuid=1fa8a2b7-811f-322e-b30d-8bfc6ccd460c → 150445B hash=1ef9a467 in 0ms
[20:29:36] [wm-io-overworld/INFO] (worldsmemory) [WM] [IO] [-5, 7] cause=JOUEUR MODIFIÉ in 0ms:
    y=4: -10 minecraft:air, +1 minecraft:chest, +9 minecraft:stone
[20:29:47] [Render thread/INFO] (Minecraft) Loaded 18 advancements
[20:29:50] [Server thread/INFO] (Minecraft) Player369 has made the advancement [Best Friends Forever]
[20:29:50] [Render thread/INFO] (Minecraft) [System] [CHAT] Player369 has made the advancement [Best Friends Forever]
[20:29:50] [Render thread/INFO] (Minecraft) Loaded 21 advancements
[20:29:58] [Server thread/INFO] (worldsmemory) [WM] [SERVER] [-5, 7] cause=JOUEUR uuid=1fa8a2b7-811f-322e-b30d-8bfc6ccd460c → 150500B hash=8ce5e4b7 in 0ms
[20:29:58] [wm-io-overworld/INFO] (worldsmemory) [WM] [IO] [-5, 7] cause=JOUEUR MODIFIÉ in 4ms:
    y=4: -1 minecraft:air, +1 minecraft:tnt
[20:30:01] [Server thread/INFO] (worldsmemory) [WM] [SERVER] [-5, 8] cause=EXPLOSION_TNT → 151325B hash=5bf2bf1b in 1ms
[20:30:01] [Server thread/INFO] (worldsmemory) [WM] [ENTITE] ===== Capture [-5, 7] cause=EXPLOSION_TNT — 1/6 intéressante(s) =====
[20:30:01] [Server thread/INFO] (worldsmemory)   → minecraft:wolf  uuid=14aeae2a-efc0-458f-bb06-0131369d7252  pos=(-72,50, 72,00, 123,50)
[20:30:01] [Server thread/INFO] (worldsmemory) [WM] [ENTITE] ===== Fin capture [-5, 7] ts=1777401001423 =====
[20:30:01] [Server thread/INFO] (worldsmemory) [WM] [SERVER] [-5, 7] cause=EXPLOSION_TNT → 150445B hash=a287cbde in 1ms
[20:30:01] [wm-io-overworld/INFO] (worldsmemory) [WM] [IO] [-5, 8] cause=EXPLOSION_TNT PREMIER COMMIT in 42ms
[20:30:01] [wm-io-overworld/INFO] (worldsmemory) [WM] [IO] [-5, 7] cause=EXPLOSION_TNT MODIFIÉ in 4ms:
    y=4: +1 minecraft:air, -1 minecraft:tnt
[20:30:05] [Server thread/INFO] (worldsmemory) [WM] [ENTITE] Entité intéressante tuée par joueur 1fa8a2b7-811f-322e-b30d-8bfc6ccd460c :
[20:30:05] [Server thread/INFO] (worldsmemory)   → minecraft:wolf  uuid=14aeae2a-efc0-458f-bb06-0131369d7252  pos=(-72,50, 72,00, 123,50)
[20:30:05] [Render thread/INFO] (Minecraft) [System] [CHAT] Wolf was blown up by Player369
[20:30:05] [Server thread/INFO] (worldsmemory) [WM] [SERVER] [-5, 7] cause=JOUEUR → 150445B hash=5772c301 in 1ms
[20:30:05] [wm-io-overworld/INFO] (worldsmemory) [WM] [IO] [-5, 7] cause=JOUEUR MODIFIÉ in 2ms:
    y=4: +8 minecraft:air, -8 minecraft:stone
[20:30:05] [Render thread/INFO] (Minecraft) Loaded 49 advancements
[20:30:05] [Server thread/INFO] (worldsmemory) [WM] [SERVER] [-5, 8] cause=EXPLOSION_TNT → 151325B hash=5bf2bf1b in 0ms
[20:30:05] [Server thread/INFO] (worldsmemory) [WM] [SERVER] [-5, 7] cause=EXPLOSION_TNT → 150178B hash=2e87e80b in 0ms
[20:30:05] [wm-io-overworld/INFO] (worldsmemory) [WM] [IO] [-5, 8] cause=EXPLOSION_TNT INCHANGÉ (même hash, skip)
[20:30:05] [wm-io-overworld/INFO] (worldsmemory) [WM] [IO] [-5, 7] cause=EXPLOSION_TNT MODIFIÉ in 3ms:
    y=4: +3 minecraft:air, -1 minecraft:chest, -2 minecraft:stone
[20:30:10] [Render thread/INFO] (Minecraft) [System] [CHAT] [WM] Snapshots [-5, 7] · 12 entrée(s) — 10 plus récents affichés\n  [►] #3  2026-04-28 20:29:04  31c7f828  JOUEUR [1fa8a2b7…]\n  [►] #4  2026-04-28 20:29:13  190d69f1  JOUEUR [1fa8a2b7…]\n  [►] #5  2026-04-28 20:29:20  1ef9a467  EXPLOSION_TNT\n  [►] #6  2026-04-28 20:29:24  98c47ca5  JOUEUR\n  [►] #7  2026-04-28 20:29:24  318d1b6d  EXPLOSION_TNT\n  [►] #8  2026-04-28 20:29:36  1ef9a467  JOUEUR [1fa8a2b7…]\n  [►] #9  2026-04-28 20:29:58  8ce5e4b7  JOUEUR [1fa8a2b7…]\n  [►] #10  2026-04-28 20:30:01  a287cbde  EXPLOSION_TNT\n  [►] #11  2026-04-28 20:30:05  5772c301  JOUEUR\n  [►] #12  2026-04-28 20:30:05  2e87e80b  EXPLOSION_TNT ◄ actuel
[20:30:12] [Server thread/INFO] (worldsmemory) [WM] [ROLLBACK] ETAT_PRECEDENT [-5, 7] ts=1777401005380 hash=5772c301
[20:30:12] [Server thread/INFO] (worldsmemory) [WM] [DBG] snapshotBEs size=1 for chunk [-5, 7]
[20:30:12] [Server thread/INFO] (worldsmemory) [WM] [DBG]  BE @ BlockPos{x=-72, y=72, z=124} type=minecraft:chest hasItems=true itemsSize=1
[20:30:12] [Server thread/INFO] (worldsmemory) [WM] [ROLLBACK] Apply ts=1777401005380 radius=0 chunk=[-5,7] : OK — 1 chunk(s), 3 bloc(s), 1 entité(s)
[20:30:12] [Render thread/INFO] (Minecraft) [System] [CHAT] [WM] Rollback vers 2026-04-28 20:30:05 — OK — 1 chunk(s), 3 bloc(s), 1 entité(s)
[20:30:14] [Server thread/INFO] (worldsmemory) [WM] [ROLLBACK] ETAT_PRECEDENT [-5, 7] ts=1777401001425 hash=a287cbde
[20:30:14] [Server thread/INFO] (worldsmemory) [WM] [DBG] snapshotBEs size=1 for chunk [-5, 7]
[20:30:14] [Server thread/INFO] (worldsmemory) [WM] [DBG]  BE @ BlockPos{x=-72, y=72, z=124} type=minecraft:chest hasItems=true itemsSize=1
[20:30:14] [Server thread/INFO] (worldsmemory) [WM] [ROLLBACK] Apply ts=1777401001425 radius=0 chunk=[-5,7] : OK — 1 chunk(s), 8 bloc(s), 5 entité(s)
[20:30:14] [Render thread/INFO] (Minecraft) [System] [CHAT] [WM] Rollback vers 2026-04-28 20:30:01 — OK — 1 chunk(s), 8 bloc(s), 5 entité(s)
[20:30:16] [Server thread/INFO] (worldsmemory) [WM] [SERVER] [-2, 11] cause=INCONNU → 137270B hash=753f239a in 0ms
[20:30:16] [wm-io-overworld/INFO] (worldsmemory) [WM] [IO] [-2, 11] cause=INCONNU MODIFIÉ in 20ms:
    y=-2: +5 minecraft:air, -5 minecraft:cave_air, +2 minecraft:fire, -2 minecraft:oak_planks
    y=3: +7 minecraft:kelp_plant, -7 minecraft:water
[20:30:37] [Server thread/INFO] (Minecraft) Saving and pausing game...
[20:30:37] [Server thread/INFO] (Minecraft) Saving chunks for level 'ServerLevel[New World]'/minecraft:overworld
[20:30:37] [Server thread/INFO] (Minecraft) Saving chunks for level 'ServerLevel[New World]'/minecraft:the_nether
[20:30:37] [Server thread/INFO] (Minecraft) Saving chunks for level 'ServerLevel[New World]'/minecraft:the_end
[20:30:38] [Server thread/INFO] (Minecraft) Player369 lost connection: Disconnected
[20:30:38] [Server thread/INFO] (Minecraft) Player369 left the game
[20:30:38] [Server thread/INFO] (Minecraft) Stopping singleplayer server as player logged out
[20:30:38] [Server thread/INFO] (Minecraft) Stopping server
[20:30:38] [Server thread/INFO] (Minecraft) Saving players
[20:30:38] [Server thread/INFO] (Minecraft) Saving worlds
[20:30:38] [Server thread/INFO] (Minecraft) Saving chunks for level 'ServerLevel[New World]'/minecraft:overworld
[20:30:40] [Server thread/INFO] (Minecraft) Saving chunks for level 'ServerLevel[New World]'/minecraft:the_nether
[20:30:40] [Server thread/INFO] (Minecraft) Saving chunks for level 'ServerLevel[New World]'/minecraft:the_end
[20:30:40] [Server thread/INFO] (Minecraft) ThreadedAnvilChunkStorage (New World (1)): All chunks are saved
[20:30:40] [Server thread/INFO] (Minecraft) ThreadedAnvilChunkStorage (DIM-1): All chunks are saved
[20:30:40] [Server thread/INFO] (Minecraft) ThreadedAnvilChunkStorage (DIM1): All chunks are saved
[20:30:40] [Server thread/INFO] (Minecraft) ThreadedAnvilChunkStorage: All dimensions are saved
[20:30:40] [Server thread/INFO] (worldsmemory) [WM] Released state for minecraft:overworld
[20:30:40] [Server thread/INFO] (worldsmemory) [WM] Released state for minecraft:the_nether
[20:30:40] [Server thread/INFO] (worldsmemory) [WM] Released state for minecraft:the_end
[20:30:43] [Render thread/INFO] (Minecraft) Stopping!
